2025-06-21 12:44:24,967 | INFO | 🔄 Resetando rankings e pontos dos times...
2025-06-21 12:44:24,972 | INFO | ✅ Rankings resetados.
2025-06-21 12:44:24,972 | INFO | Iniciando salvamento dos times...
2025-06-21 12:44:27,965 | INFO | Processando time: Vitality
2025-06-21 12:44:27,972 | INFO |  -> Processando jogador: apEX
2025-06-21 12:44:33,693 | INFO |  -> Processando jogador: ropz
2025-06-21 12:44:38,437 | INFO |  -> Processando jogador: ZywOo
2025-06-21 12:44:43,082 | INFO |  -> Processando jogador: flameZ
2025-06-21 12:44:47,123 | INFO |  -> Processando jogador: mezii
2025-06-21 12:44:51,902 | INFO | Processando time: MOUZ
2025-06-21 12:44:51,920 | INFO |  -> Processando jogador: Brollan
2025-06-21 12:44:57,123 | INFO |  -> Processando jogador: torzsi
2025-06-21 12:45:01,806 | INFO |  -> Processando jogador: Spinx
2025-06-21 12:45:07,252 | INFO |  -> Processando jogador: Jimpphat
2025-06-21 12:45:12,975 | INFO |  -> Processando jogador: xertioN
2025-06-21 12:45:18,210 | INFO | Processando time: Spirit
2025-06-21 12:45:18,217 | INFO |  -> Processando jogador: chopper
2025-06-21 12:45:23,828 | INFO |  -> Processando jogador: sh1ro
2025-06-21 12:45:29,624 | INFO |  -> Processando jogador: magixx
2025-06-21 12:45:34,481 | INFO |  -> Processando jogador: zont1x
2025-06-21 12:45:39,420 | INFO |  -> Processando jogador: donk
